<?xml version="1.0" encoding="UTF-8"?>
<testsuite xmlns:xsi="http://www.w3.org/2001/XMLSchema-instance" xsi:noNamespaceSchemaLocation="https://maven.apache.org/surefire/maven-surefire-plugin/xsd/surefire-test-report-3.0.xsd" version="3.0" name="TestSuite" time="123.13" tests="7" errors="0" skipped="0" failures="0">
  <properties>
    <property name="java.specification.version" value="17"/>
    <property name="sun.cpu.isalist" value="amd64"/>
    <property name="sun.jnu.encoding" value="Cp1252"/>
    <property name="testng.Skipped" value="0"/>
    <property name="java.class.path" value="C:\Users\Sathwika\eclipse-workspace\BunnyCart\target\test-classes;C:\Users\Sathwika\eclipse-workspace\BunnyCart\target\classes;C:\Users\Sathwika\.m2\repository\junit\junit\3.8.1\junit-3.8.1.jar;C:\Users\Sathwika\.m2\repository\org\seleniumhq\selenium\selenium-java\4.29.0\selenium-java-4.29.0.jar;C:\Users\Sathwika\.m2\repository\org\seleniumhq\selenium\selenium-api\4.29.0\selenium-api-4.29.0.jar;C:\Users\Sathwika\.m2\repository\org\jspecify\jspecify\1.0.0\jspecify-1.0.0.jar;C:\Users\Sathwika\.m2\repository\org\seleniumhq\selenium\selenium-chrome-driver\4.29.0\selenium-chrome-driver-4.29.0.jar;C:\Users\Sathwika\.m2\repository\com\google\auto\service\auto-service-annotations\1.1.1\auto-service-annotations-1.1.1.jar;C:\Users\Sathwika\.m2\repository\org\seleniumhq\selenium\selenium-chromium-driver\4.29.0\selenium-chromium-driver-4.29.0.jar;C:\Users\Sathwika\.m2\repository\org\seleniumhq\selenium\selenium-json\4.29.0\selenium-json-4.29.0.jar;C:\Users\Sathwika\.m2\repository\org\seleniumhq\selenium\selenium-manager\4.29.0\selenium-manager-4.29.0.jar;C:\Users\Sathwika\.m2\repository\org\seleniumhq\selenium\selenium-devtools-v131\4.29.0\selenium-devtools-v131-4.29.0.jar;C:\Users\Sathwika\.m2\repository\org\seleniumhq\selenium\selenium-devtools-v132\4.29.0\selenium-devtools-v132-4.29.0.jar;C:\Users\Sathwika\.m2\repository\org\seleniumhq\selenium\selenium-devtools-v133\4.29.0\selenium-devtools-v133-4.29.0.jar;C:\Users\Sathwika\.m2\repository\org\seleniumhq\selenium\selenium-devtools-v85\4.29.0\selenium-devtools-v85-4.29.0.jar;C:\Users\Sathwika\.m2\repository\org\seleniumhq\selenium\selenium-edge-driver\4.29.0\selenium-edge-driver-4.29.0.jar;C:\Users\Sathwika\.m2\repository\org\seleniumhq\selenium\selenium-firefox-driver\4.29.0\selenium-firefox-driver-4.29.0.jar;C:\Users\Sathwika\.m2\repository\org\seleniumhq\selenium\selenium-http\4.29.0\selenium-http-4.29.0.jar;C:\Users\Sathwika\.m2\repository\org\seleniumhq\selenium\selenium-ie-driver\4.29.0\selenium-ie-driver-4.29.0.jar;C:\Users\Sathwika\.m2\repository\org\seleniumhq\selenium\selenium-remote-driver\4.29.0\selenium-remote-driver-4.29.0.jar;C:\Users\Sathwika\.m2\repository\io\opentelemetry\semconv\opentelemetry-semconv\1.28.0-alpha\opentelemetry-semconv-1.28.0-alpha.jar;C:\Users\Sathwika\.m2\repository\io\opentelemetry\opentelemetry-api\1.46.0\opentelemetry-api-1.46.0.jar;C:\Users\Sathwika\.m2\repository\io\opentelemetry\opentelemetry-context\1.46.0\opentelemetry-context-1.46.0.jar;C:\Users\Sathwika\.m2\repository\io\opentelemetry\opentelemetry-exporter-logging\1.46.0\opentelemetry-exporter-logging-1.46.0.jar;C:\Users\Sathwika\.m2\repository\io\opentelemetry\opentelemetry-sdk-common\1.46.0\opentelemetry-sdk-common-1.46.0.jar;C:\Users\Sathwika\.m2\repository\io\opentelemetry\opentelemetry-sdk-extension-autoconfigure-spi\1.46.0\opentelemetry-sdk-extension-autoconfigure-spi-1.46.0.jar;C:\Users\Sathwika\.m2\repository\io\opentelemetry\opentelemetry-sdk-extension-autoconfigure\1.46.0\opentelemetry-sdk-extension-autoconfigure-1.46.0.jar;C:\Users\Sathwika\.m2\repository\io\opentelemetry\opentelemetry-api-incubator\1.46.0-alpha\opentelemetry-api-incubator-1.46.0-alpha.jar;C:\Users\Sathwika\.m2\repository\io\opentelemetry\opentelemetry-sdk-trace\1.46.0\opentelemetry-sdk-trace-1.46.0.jar;C:\Users\Sathwika\.m2\repository\io\opentelemetry\opentelemetry-sdk\1.46.0\opentelemetry-sdk-1.46.0.jar;C:\Users\Sathwika\.m2\repository\io\opentelemetry\opentelemetry-sdk-metrics\1.46.0\opentelemetry-sdk-metrics-1.46.0.jar;C:\Users\Sathwika\.m2\repository\io\opentelemetry\opentelemetry-sdk-logs\1.46.0\opentelemetry-sdk-logs-1.46.0.jar;C:\Users\Sathwika\.m2\repository\net\bytebuddy\byte-buddy\1.15.11\byte-buddy-1.15.11.jar;C:\Users\Sathwika\.m2\repository\org\seleniumhq\selenium\selenium-os\4.29.0\selenium-os-4.29.0.jar;C:\Users\Sathwika\.m2\repository\org\apache\commons\commons-exec\1.4.0\commons-exec-1.4.0.jar;C:\Users\Sathwika\.m2\repository\org\seleniumhq\selenium\selenium-safari-driver\4.29.0\selenium-safari-driver-4.29.0.jar;C:\Users\Sathwika\.m2\repository\org\seleniumhq\selenium\selenium-support\4.29.0\selenium-support-4.29.0.jar;C:\Users\Sathwika\.m2\repository\org\testng\testng\7.10.0\testng-7.10.0.jar;C:\Users\Sathwika\.m2\repository\org\slf4j\slf4j-api\1.7.36\slf4j-api-1.7.36.jar;C:\Users\Sathwika\.m2\repository\com\beust\jcommander\1.82\jcommander-1.82.jar;C:\Users\Sathwika\.m2\repository\org\webjars\jquery\3.7.1\jquery-3.7.1.jar;C:\Users\Sathwika\.m2\repository\org\apache\poi\poi\5.3.0\poi-5.3.0.jar;C:\Users\Sathwika\.m2\repository\commons-codec\commons-codec\1.17.0\commons-codec-1.17.0.jar;C:\Users\Sathwika\.m2\repository\org\apache\commons\commons-collections4\4.4\commons-collections4-4.4.jar;C:\Users\Sathwika\.m2\repository\org\apache\commons\commons-math3\3.6.1\commons-math3-3.6.1.jar;C:\Users\Sathwika\.m2\repository\commons-io\commons-io\2.16.1\commons-io-2.16.1.jar;C:\Users\Sathwika\.m2\repository\com\zaxxer\SparseBitSet\1.3\SparseBitSet-1.3.jar;C:\Users\Sathwika\.m2\repository\org\apache\logging\log4j\log4j-api\2.23.1\log4j-api-2.23.1.jar;C:\Users\Sathwika\.m2\repository\org\apache\poi\poi-ooxml\5.3.0\poi-ooxml-5.3.0.jar;C:\Users\Sathwika\.m2\repository\org\apache\poi\poi-ooxml-lite\5.3.0\poi-ooxml-lite-5.3.0.jar;C:\Users\Sathwika\.m2\repository\org\apache\xmlbeans\xmlbeans\5.2.1\xmlbeans-5.2.1.jar;C:\Users\Sathwika\.m2\repository\org\apache\commons\commons-compress\1.26.2\commons-compress-1.26.2.jar;C:\Users\Sathwika\.m2\repository\org\apache\commons\commons-lang3\3.14.0\commons-lang3-3.14.0.jar;C:\Users\Sathwika\.m2\repository\com\github\virtuald\curvesapi\1.08\curvesapi-1.08.jar;C:\Users\Sathwika\.m2\repository\com\github\sdrss\reportng\2.7.0\reportng-2.7.0.jar;C:\Users\Sathwika\.m2\repository\velocity\velocity\1.5\velocity-1.5.jar;C:\Users\Sathwika\.m2\repository\commons-collections\commons-collections\3.1\commons-collections-3.1.jar;C:\Users\Sathwika\.m2\repository\commons-lang\commons-lang\2.1\commons-lang-2.1.jar;C:\Users\Sathwika\.m2\repository\oro\oro\2.0.8\oro-2.0.8.jar;C:\Users\Sathwika\.m2\repository\com\fasterxml\jackson\core\jackson-core\2.10.1\jackson-core-2.10.1.jar;C:\Users\Sathwika\.m2\repository\com\fasterxml\jackson\core\jackson-databind\2.12.7.1\jackson-databind-2.12.7.1.jar;C:\Users\Sathwika\.m2\repository\com\fasterxml\jackson\core\jackson-annotations\2.10.1\jackson-annotations-2.10.1.jar;C:\Users\Sathwika\.m2\repository\com\google\inject\guice\7.0.0\guice-7.0.0.jar;C:\Users\Sathwika\.m2\repository\jakarta\inject\jakarta.inject-api\2.0.1\jakarta.inject-api-2.0.1.jar;C:\Users\Sathwika\.m2\repository\aopalliance\aopalliance\1.0\aopalliance-1.0.jar;C:\Users\Sathwika\.m2\repository\com\google\guava\guava\31.0.1-jre\guava-31.0.1-jre.jar;C:\Users\Sathwika\.m2\repository\com\google\guava\failureaccess\1.0.1\failureaccess-1.0.1.jar;C:\Users\Sathwika\.m2\repository\com\google\guava\listenablefuture\9999.0-empty-to-avoid-conflict-with-guava\listenablefuture-9999.0-empty-to-avoid-conflict-with-guava.jar;C:\Users\Sathwika\.m2\repository\com\google\code\findbugs\jsr305\3.0.2\jsr305-3.0.2.jar;C:\Users\Sathwika\.m2\repository\org\checkerframework\checker-qual\3.12.0\checker-qual-3.12.0.jar;C:\Users\Sathwika\.m2\repository\com\google\errorprone\error_prone_annotations\2.7.1\error_prone_annotations-2.7.1.jar;C:\Users\Sathwika\.m2\repository\com\google\j2objc\j2objc-annotations\1.3\j2objc-annotations-1.3.jar;C:\Users\Sathwika\.m2\repository\com\aventstack\extentreports\5.1.2\extentreports-5.1.2.jar;C:\Users\Sathwika\.m2\repository\io\reactivex\rxjava3\rxjava\3.1.6\rxjava-3.1.6.jar;C:\Users\Sathwika\.m2\repository\org\reactivestreams\reactive-streams\1.0.4\reactive-streams-1.0.4.jar;C:\Users\Sathwika\.m2\repository\org\freemarker\freemarker\2.3.32\freemarker-2.3.32.jar;C:\Users\Sathwika\.m2\repository\org\projectlombok\lombok\1.18.26\lombok-1.18.26.jar;C:\Users\Sathwika\.m2\repository\com\google\code\gson\gson\2.10.1\gson-2.10.1.jar;C:\Users\Sathwika\.m2\repository\io\qameta\allure\allure-testng\2.29.0\allure-testng-2.29.0.jar;C:\Users\Sathwika\.m2\repository\io\qameta\allure\allure-java-commons\2.29.0\allure-java-commons-2.29.0.jar;C:\Users\Sathwika\.m2\repository\io\qameta\allure\allure-model\2.29.0\allure-model-2.29.0.jar;C:\Users\Sathwika\.m2\repository\io\qameta\allure\allure-test-filter\2.29.0\allure-test-filter-2.29.0.jar;C:\Users\Sathwika\.m2\repository\io\cucumber\cucumber-java\7.21.1\cucumber-java-7.21.1.jar;C:\Users\Sathwika\.m2\repository\org\apiguardian\apiguardian-api\1.1.2\apiguardian-api-1.1.2.jar;C:\Users\Sathwika\.m2\repository\io\cucumber\cucumber-picocontainer\7.21.1\cucumber-picocontainer-7.21.1.jar;C:\Users\Sathwika\.m2\repository\org\picocontainer\picocontainer\2.15\picocontainer-2.15.jar;C:\Users\Sathwika\.m2\repository\io\cucumber\cucumber-core\7.21.1\cucumber-core-7.21.1.jar;C:\Users\Sathwika\.m2\repository\io\cucumber\cucumber-gherkin\7.21.1\cucumber-gherkin-7.21.1.jar;C:\Users\Sathwika\.m2\repository\io\cucumber\cucumber-gherkin-messages\7.21.1\cucumber-gherkin-messages-7.21.1.jar;C:\Users\Sathwika\.m2\repository\io\cucumber\messages\27.2.0\messages-27.2.0.jar;C:\Users\Sathwika\.m2\repository\io\cucumber\testng-xml-formatter\0.3.1\testng-xml-formatter-0.3.1.jar;C:\Users\Sathwika\.m2\repository\io\cucumber\query\13.2.0\query-13.2.0.jar;C:\Users\Sathwika\.m2\repository\io\cucumber\tag-expressions\6.1.2\tag-expressions-6.1.2.jar;C:\Users\Sathwika\.m2\repository\io\cucumber\cucumber-expressions\18.0.1\cucumber-expressions-18.0.1.jar;C:\Users\Sathwika\.m2\repository\io\cucumber\datatable\7.21.1\datatable-7.21.1.jar;C:\Users\Sathwika\.m2\repository\io\cucumber\cucumber-plugin\7.21.1\cucumber-plugin-7.21.1.jar;C:\Users\Sathwika\.m2\repository\io\cucumber\docstring\7.21.1\docstring-7.21.1.jar;C:\Users\Sathwika\.m2\repository\io\cucumber\html-formatter\21.9.0\html-formatter-21.9.0.jar;C:\Users\Sathwika\.m2\repository\io\cucumber\junit-xml-formatter\0.7.1\junit-xml-formatter-0.7.1.jar;C:\Users\Sathwika\.m2\repository\io\cucumber\ci-environment\10.0.1\ci-environment-10.0.1.jar;C:\Users\Sathwika\.m2\repository\io\cucumber\cucumber-testng\7.21.1\cucumber-testng-7.21.1.jar;C:\Users\Sathwika\.m2\repository\io\cucumber\gherkin\32.0.0\gherkin-32.0.0.jar;C:\Users\Sathwika\.m2\repository\io\cucumber\cucumber-junit\7.21.1\cucumber-junit-7.21.1.jar;C:\Users\Sathwika\.m2\repository\org\slf4j\slf4j-simple\2.0.9\slf4j-simple-2.0.9.jar;"/>
    <property name="java.vm.vendor" value="Oracle Corporation"/>
    <property name="sun.arch.data.model" value="64"/>
    <property name="user.variant" value=""/>
    <property name="java.vendor.url" value="https://java.oracle.com/"/>
    <property name="user.timezone" value="Asia/Calcutta"/>
    <property name="os.name" value="Windows 11"/>
    <property name="java.vm.specification.version" value="17"/>
    <property name="sun.java.launcher" value="SUN_STANDARD"/>
    <property name="user.country" value="US"/>
    <property name="sun.boot.library.path" value="C:\Program Files\Java\jdk-17\bin"/>
    <property name="sun.java.command" value="C:\Users\Sathwika\AppData\Local\Temp\surefire12931671831747185341\surefirebooter1539791801560532728.jar C:\Users\Sathwika\AppData\Local\Temp\surefire12931671831747185341 2025-03-26T10-29-37_208-jvmRun1 surefire14062952463145285987tmp surefire_017102694620304771443tmp"/>
    <property name="jdk.debug" value="release"/>
    <property name="surefire.test.class.path" value="C:\Users\Sathwika\eclipse-workspace\BunnyCart\target\test-classes;C:\Users\Sathwika\eclipse-workspace\BunnyCart\target\classes;C:\Users\Sathwika\.m2\repository\junit\junit\3.8.1\junit-3.8.1.jar;C:\Users\Sathwika\.m2\repository\org\seleniumhq\selenium\selenium-java\4.29.0\selenium-java-4.29.0.jar;C:\Users\Sathwika\.m2\repository\org\seleniumhq\selenium\selenium-api\4.29.0\selenium-api-4.29.0.jar;C:\Users\Sathwika\.m2\repository\org\jspecify\jspecify\1.0.0\jspecify-1.0.0.jar;C:\Users\Sathwika\.m2\repository\org\seleniumhq\selenium\selenium-chrome-driver\4.29.0\selenium-chrome-driver-4.29.0.jar;C:\Users\Sathwika\.m2\repository\com\google\auto\service\auto-service-annotations\1.1.1\auto-service-annotations-1.1.1.jar;C:\Users\Sathwika\.m2\repository\org\seleniumhq\selenium\selenium-chromium-driver\4.29.0\selenium-chromium-driver-4.29.0.jar;C:\Users\Sathwika\.m2\repository\org\seleniumhq\selenium\selenium-json\4.29.0\selenium-json-4.29.0.jar;C:\Users\Sathwika\.m2\repository\org\seleniumhq\selenium\selenium-manager\4.29.0\selenium-manager-4.29.0.jar;C:\Users\Sathwika\.m2\repository\org\seleniumhq\selenium\selenium-devtools-v131\4.29.0\selenium-devtools-v131-4.29.0.jar;C:\Users\Sathwika\.m2\repository\org\seleniumhq\selenium\selenium-devtools-v132\4.29.0\selenium-devtools-v132-4.29.0.jar;C:\Users\Sathwika\.m2\repository\org\seleniumhq\selenium\selenium-devtools-v133\4.29.0\selenium-devtools-v133-4.29.0.jar;C:\Users\Sathwika\.m2\repository\org\seleniumhq\selenium\selenium-devtools-v85\4.29.0\selenium-devtools-v85-4.29.0.jar;C:\Users\Sathwika\.m2\repository\org\seleniumhq\selenium\selenium-edge-driver\4.29.0\selenium-edge-driver-4.29.0.jar;C:\Users\Sathwika\.m2\repository\org\seleniumhq\selenium\selenium-firefox-driver\4.29.0\selenium-firefox-driver-4.29.0.jar;C:\Users\Sathwika\.m2\repository\org\seleniumhq\selenium\selenium-http\4.29.0\selenium-http-4.29.0.jar;C:\Users\Sathwika\.m2\repository\org\seleniumhq\selenium\selenium-ie-driver\4.29.0\selenium-ie-driver-4.29.0.jar;C:\Users\Sathwika\.m2\repository\org\seleniumhq\selenium\selenium-remote-driver\4.29.0\selenium-remote-driver-4.29.0.jar;C:\Users\Sathwika\.m2\repository\io\opentelemetry\semconv\opentelemetry-semconv\1.28.0-alpha\opentelemetry-semconv-1.28.0-alpha.jar;C:\Users\Sathwika\.m2\repository\io\opentelemetry\opentelemetry-api\1.46.0\opentelemetry-api-1.46.0.jar;C:\Users\Sathwika\.m2\repository\io\opentelemetry\opentelemetry-context\1.46.0\opentelemetry-context-1.46.0.jar;C:\Users\Sathwika\.m2\repository\io\opentelemetry\opentelemetry-exporter-logging\1.46.0\opentelemetry-exporter-logging-1.46.0.jar;C:\Users\Sathwika\.m2\repository\io\opentelemetry\opentelemetry-sdk-common\1.46.0\opentelemetry-sdk-common-1.46.0.jar;C:\Users\Sathwika\.m2\repository\io\opentelemetry\opentelemetry-sdk-extension-autoconfigure-spi\1.46.0\opentelemetry-sdk-extension-autoconfigure-spi-1.46.0.jar;C:\Users\Sathwika\.m2\repository\io\opentelemetry\opentelemetry-sdk-extension-autoconfigure\1.46.0\opentelemetry-sdk-extension-autoconfigure-1.46.0.jar;C:\Users\Sathwika\.m2\repository\io\opentelemetry\opentelemetry-api-incubator\1.46.0-alpha\opentelemetry-api-incubator-1.46.0-alpha.jar;C:\Users\Sathwika\.m2\repository\io\opentelemetry\opentelemetry-sdk-trace\1.46.0\opentelemetry-sdk-trace-1.46.0.jar;C:\Users\Sathwika\.m2\repository\io\opentelemetry\opentelemetry-sdk\1.46.0\opentelemetry-sdk-1.46.0.jar;C:\Users\Sathwika\.m2\repository\io\opentelemetry\opentelemetry-sdk-metrics\1.46.0\opentelemetry-sdk-metrics-1.46.0.jar;C:\Users\Sathwika\.m2\repository\io\opentelemetry\opentelemetry-sdk-logs\1.46.0\opentelemetry-sdk-logs-1.46.0.jar;C:\Users\Sathwika\.m2\repository\net\bytebuddy\byte-buddy\1.15.11\byte-buddy-1.15.11.jar;C:\Users\Sathwika\.m2\repository\org\seleniumhq\selenium\selenium-os\4.29.0\selenium-os-4.29.0.jar;C:\Users\Sathwika\.m2\repository\org\apache\commons\commons-exec\1.4.0\commons-exec-1.4.0.jar;C:\Users\Sathwika\.m2\repository\org\seleniumhq\selenium\selenium-safari-driver\4.29.0\selenium-safari-driver-4.29.0.jar;C:\Users\Sathwika\.m2\repository\org\seleniumhq\selenium\selenium-support\4.29.0\selenium-support-4.29.0.jar;C:\Users\Sathwika\.m2\repository\org\testng\testng\7.10.0\testng-7.10.0.jar;C:\Users\Sathwika\.m2\repository\org\slf4j\slf4j-api\1.7.36\slf4j-api-1.7.36.jar;C:\Users\Sathwika\.m2\repository\com\beust\jcommander\1.82\jcommander-1.82.jar;C:\Users\Sathwika\.m2\repository\org\webjars\jquery\3.7.1\jquery-3.7.1.jar;C:\Users\Sathwika\.m2\repository\org\apache\poi\poi\5.3.0\poi-5.3.0.jar;C:\Users\Sathwika\.m2\repository\commons-codec\commons-codec\1.17.0\commons-codec-1.17.0.jar;C:\Users\Sathwika\.m2\repository\org\apache\commons\commons-collections4\4.4\commons-collections4-4.4.jar;C:\Users\Sathwika\.m2\repository\org\apache\commons\commons-math3\3.6.1\commons-math3-3.6.1.jar;C:\Users\Sathwika\.m2\repository\commons-io\commons-io\2.16.1\commons-io-2.16.1.jar;C:\Users\Sathwika\.m2\repository\com\zaxxer\SparseBitSet\1.3\SparseBitSet-1.3.jar;C:\Users\Sathwika\.m2\repository\org\apache\logging\log4j\log4j-api\2.23.1\log4j-api-2.23.1.jar;C:\Users\Sathwika\.m2\repository\org\apache\poi\poi-ooxml\5.3.0\poi-ooxml-5.3.0.jar;C:\Users\Sathwika\.m2\repository\org\apache\poi\poi-ooxml-lite\5.3.0\poi-ooxml-lite-5.3.0.jar;C:\Users\Sathwika\.m2\repository\org\apache\xmlbeans\xmlbeans\5.2.1\xmlbeans-5.2.1.jar;C:\Users\Sathwika\.m2\repository\org\apache\commons\commons-compress\1.26.2\commons-compress-1.26.2.jar;C:\Users\Sathwika\.m2\repository\org\apache\commons\commons-lang3\3.14.0\commons-lang3-3.14.0.jar;C:\Users\Sathwika\.m2\repository\com\github\virtuald\curvesapi\1.08\curvesapi-1.08.jar;C:\Users\Sathwika\.m2\repository\com\github\sdrss\reportng\2.7.0\reportng-2.7.0.jar;C:\Users\Sathwika\.m2\repository\velocity\velocity\1.5\velocity-1.5.jar;C:\Users\Sathwika\.m2\repository\commons-collections\commons-collections\3.1\commons-collections-3.1.jar;C:\Users\Sathwika\.m2\repository\commons-lang\commons-lang\2.1\commons-lang-2.1.jar;C:\Users\Sathwika\.m2\repository\oro\oro\2.0.8\oro-2.0.8.jar;C:\Users\Sathwika\.m2\repository\com\fasterxml\jackson\core\jackson-core\2.10.1\jackson-core-2.10.1.jar;C:\Users\Sathwika\.m2\repository\com\fasterxml\jackson\core\jackson-databind\2.12.7.1\jackson-databind-2.12.7.1.jar;C:\Users\Sathwika\.m2\repository\com\fasterxml\jackson\core\jackson-annotations\2.10.1\jackson-annotations-2.10.1.jar;C:\Users\Sathwika\.m2\repository\com\google\inject\guice\7.0.0\guice-7.0.0.jar;C:\Users\Sathwika\.m2\repository\jakarta\inject\jakarta.inject-api\2.0.1\jakarta.inject-api-2.0.1.jar;C:\Users\Sathwika\.m2\repository\aopalliance\aopalliance\1.0\aopalliance-1.0.jar;C:\Users\Sathwika\.m2\repository\com\google\guava\guava\31.0.1-jre\guava-31.0.1-jre.jar;C:\Users\Sathwika\.m2\repository\com\google\guava\failureaccess\1.0.1\failureaccess-1.0.1.jar;C:\Users\Sathwika\.m2\repository\com\google\guava\listenablefuture\9999.0-empty-to-avoid-conflict-with-guava\listenablefuture-9999.0-empty-to-avoid-conflict-with-guava.jar;C:\Users\Sathwika\.m2\repository\com\google\code\findbugs\jsr305\3.0.2\jsr305-3.0.2.jar;C:\Users\Sathwika\.m2\repository\org\checkerframework\checker-qual\3.12.0\checker-qual-3.12.0.jar;C:\Users\Sathwika\.m2\repository\com\google\errorprone\error_prone_annotations\2.7.1\error_prone_annotations-2.7.1.jar;C:\Users\Sathwika\.m2\repository\com\google\j2objc\j2objc-annotations\1.3\j2objc-annotations-1.3.jar;C:\Users\Sathwika\.m2\repository\com\aventstack\extentreports\5.1.2\extentreports-5.1.2.jar;C:\Users\Sathwika\.m2\repository\io\reactivex\rxjava3\rxjava\3.1.6\rxjava-3.1.6.jar;C:\Users\Sathwika\.m2\repository\org\reactivestreams\reactive-streams\1.0.4\reactive-streams-1.0.4.jar;C:\Users\Sathwika\.m2\repository\org\freemarker\freemarker\2.3.32\freemarker-2.3.32.jar;C:\Users\Sathwika\.m2\repository\org\projectlombok\lombok\1.18.26\lombok-1.18.26.jar;C:\Users\Sathwika\.m2\repository\com\google\code\gson\gson\2.10.1\gson-2.10.1.jar;C:\Users\Sathwika\.m2\repository\io\qameta\allure\allure-testng\2.29.0\allure-testng-2.29.0.jar;C:\Users\Sathwika\.m2\repository\io\qameta\allure\allure-java-commons\2.29.0\allure-java-commons-2.29.0.jar;C:\Users\Sathwika\.m2\repository\io\qameta\allure\allure-model\2.29.0\allure-model-2.29.0.jar;C:\Users\Sathwika\.m2\repository\io\qameta\allure\allure-test-filter\2.29.0\allure-test-filter-2.29.0.jar;C:\Users\Sathwika\.m2\repository\io\cucumber\cucumber-java\7.21.1\cucumber-java-7.21.1.jar;C:\Users\Sathwika\.m2\repository\org\apiguardian\apiguardian-api\1.1.2\apiguardian-api-1.1.2.jar;C:\Users\Sathwika\.m2\repository\io\cucumber\cucumber-picocontainer\7.21.1\cucumber-picocontainer-7.21.1.jar;C:\Users\Sathwika\.m2\repository\org\picocontainer\picocontainer\2.15\picocontainer-2.15.jar;C:\Users\Sathwika\.m2\repository\io\cucumber\cucumber-core\7.21.1\cucumber-core-7.21.1.jar;C:\Users\Sathwika\.m2\repository\io\cucumber\cucumber-gherkin\7.21.1\cucumber-gherkin-7.21.1.jar;C:\Users\Sathwika\.m2\repository\io\cucumber\cucumber-gherkin-messages\7.21.1\cucumber-gherkin-messages-7.21.1.jar;C:\Users\Sathwika\.m2\repository\io\cucumber\messages\27.2.0\messages-27.2.0.jar;C:\Users\Sathwika\.m2\repository\io\cucumber\testng-xml-formatter\0.3.1\testng-xml-formatter-0.3.1.jar;C:\Users\Sathwika\.m2\repository\io\cucumber\query\13.2.0\query-13.2.0.jar;C:\Users\Sathwika\.m2\repository\io\cucumber\tag-expressions\6.1.2\tag-expressions-6.1.2.jar;C:\Users\Sathwika\.m2\repository\io\cucumber\cucumber-expressions\18.0.1\cucumber-expressions-18.0.1.jar;C:\Users\Sathwika\.m2\repository\io\cucumber\datatable\7.21.1\datatable-7.21.1.jar;C:\Users\Sathwika\.m2\repository\io\cucumber\cucumber-plugin\7.21.1\cucumber-plugin-7.21.1.jar;C:\Users\Sathwika\.m2\repository\io\cucumber\docstring\7.21.1\docstring-7.21.1.jar;C:\Users\Sathwika\.m2\repository\io\cucumber\html-formatter\21.9.0\html-formatter-21.9.0.jar;C:\Users\Sathwika\.m2\repository\io\cucumber\junit-xml-formatter\0.7.1\junit-xml-formatter-0.7.1.jar;C:\Users\Sathwika\.m2\repository\io\cucumber\ci-environment\10.0.1\ci-environment-10.0.1.jar;C:\Users\Sathwika\.m2\repository\io\cucumber\cucumber-testng\7.21.1\cucumber-testng-7.21.1.jar;C:\Users\Sathwika\.m2\repository\io\cucumber\gherkin\32.0.0\gherkin-32.0.0.jar;C:\Users\Sathwika\.m2\repository\io\cucumber\cucumber-junit\7.21.1\cucumber-junit-7.21.1.jar;C:\Users\Sathwika\.m2\repository\org\slf4j\slf4j-simple\2.0.9\slf4j-simple-2.0.9.jar;"/>
    <property name="sun.cpu.endian" value="little"/>
    <property name="user.home" value="C:\Users\Sathwika"/>
    <property name="user.language" value="en"/>
    <property name="java.specification.vendor" value="Oracle Corporation"/>
    <property name="java.version.date" value="2023-04-18"/>
    <property name="java.home" value="C:\Program Files\Java\jdk-17"/>
    <property name="file.separator" value="\"/>
    <property name="style.color" value="always"/>
    <property name="basedir" value="C:\Users\Sathwika\eclipse-workspace\BunnyCart"/>
    <property name="java.vm.compressedOopsMode" value="32-bit"/>
    <property name="line.separator" value="&#10;"/>
    <property name="testng.Failed" value="0"/>
    <property name="java.vm.specification.vendor" value="Oracle Corporation"/>
    <property name="java.specification.name" value="Java Platform API Specification"/>
    <property name="surefire.real.class.path" value="C:\Users\Sathwika\AppData\Local\Temp\surefire12931671831747185341\surefirebooter1539791801560532728.jar"/>
    <property name="user.script" value=""/>
    <property name="sun.management.compiler" value="HotSpot 64-Bit Tiered Compilers"/>
    <property name="java.runtime.version" value="17.0.7+8-LTS-224"/>
    <property name="user.name" value="Sathwika"/>
    <property name="path.separator" value=";"/>
    <property name="os.version" value="10.0"/>
    <property name="testng.KnownDefect" value="0"/>
    <property name="java.runtime.name" value="Java(TM) SE Runtime Environment"/>
    <property name="file.encoding" value="Cp1252"/>
    <property name="testng.Fixed" value="0"/>
    <property name="java.vm.name" value="Java HotSpot(TM) 64-Bit Server VM"/>
    <property name="localRepository" value="C:\Users\Sathwika\.m2\repository"/>
    <property name="java.vendor.url.bug" value="https://bugreport.java.com/bugreport/"/>
    <property name="java.io.tmpdir" value="C:\Users\Sathwika\AppData\Local\Temp\"/>
    <property name="java.version" value="17.0.7"/>
    <property name="user.dir" value="C:\Users\Sathwika\eclipse-workspace\BunnyCart"/>
    <property name="os.arch" value="amd64"/>
    <property name="java.vm.specification.name" value="Java Virtual Machine Specification"/>
    <property name="sun.os.patch.level" value=""/>
    <property name="native.encoding" value="Cp1252"/>
    <property name="java.library.path" value="C:\Program Files\Java\jdk-17\bin;C:\WINDOWS\Sun\Java\bin;C:\WINDOWS\system32;C:\WINDOWS;C:\Program Files\Common Files\Oracle\Java\javapath;C:\WINDOWS\system32;C:\WINDOWS;C:\WINDOWS\System32\Wbem;C:\WINDOWS\System32\WindowsPowerShell\v1.0\;C:\WINDOWS\System32\OpenSSH\;C:\Program Files\Java\jdk-17\bin;C:\Program Files\nodejs\;C:\ProgramData\chocolatey\bin;C:\Users\Sathwika\OneDrive\Desktop;C:\Users\Sathwika\AppData\Roaming\Microsoft\Windows\Start Menu\Programs\SpringToolSuite4.exe;C:\Program Files\Git\cmd;C:\Program Files\Java\jdk-17\bin;D:\Maven\apache-maven-3.9.9;C:\Users\Sathwika\Downloads\allure-2.33.0\allure-2.33.0\bin;C:\Users\Sathwika\AppData\Local\Microsoft\WindowsApps;;C:\Users\Sathwika\AppData\Local\Programs\Microsoft VS Code\bin;C:\Users\Sathwika\AppData\Roaming\npm;."/>
    <property name="java.vm.info" value="mixed mode, sharing"/>
    <property name="java.vendor" value="Oracle Corporation"/>
    <property name="java.vm.version" value="17.0.7+8-LTS-224"/>
    <property name="sun.io.unicode.encoding" value="UnicodeLittle"/>
    <property name="testng.Passed" value="7"/>
    <property name="java.class.version" value="61.0"/>
  </properties>
  <testcase name="runScenario[&quot;To check invalid data registration&quot;, &quot;User Registration&quot;](1)" classname="com.BunnyCart.TestRunner.BunnyCartDemo1" time="17.327">
    <system-out><![CDATA[
Scenario: To check invalid data registration                                       # src/test/resources/com/BunnyCart/Feature/1_CreateAccount.feature:8
  Given User opens the Browser                                                     # com.BunnyCart.StepDefinition.Scenario1.user_opens_the_browser()
  And User navigates to the "https://www.bunnycart.com/" webpage to open home page # com.BunnyCart.StepDefinition.Scenario1.user_navigates_to_the_webpage_to_open_home_page(java.lang.String)
  And User click on create account button                                          # com.BunnyCart.StepDefinition.Scenario1.user_click_on_create_account_button()
  And User enters '<First name>' the First name                                    # com.BunnyCart.StepDefinition.Scenario1.user_enters_the_first_name(java.lang.String)
  And User enters '<Last name>' the Last name                                      # com.BunnyCart.StepDefinition.Scenario1.user_enters_the_last_name(java.lang.String)
  And User enters '<Email>' the email                                              # com.BunnyCart.StepDefinition.Scenario1.user_enters_the_email(java.lang.String)
  And User enter '<Password>' the password                                         # com.BunnyCart.StepDefinition.Scenario1.user_enter_the_password(java.lang.String)
  And User enter Invalid '<Confirm Password>' the confirm Password                 # com.BunnyCart.StepDefinition.Scenario1.user_enter_invalid_the_confirm_password(java.lang.String)
  And User enter '<WhastsUp Number>' the whatsup Number                            # com.BunnyCart.StepDefinition.Scenario1.user_enter_the_whatsup_number(java.lang.String)
  And User click on the create an Account button                                   # com.BunnyCart.StepDefinition.Scenario1.user_click_on_the_create_an_account_button()
Error message displayed
  Then User verify an error message                                                # com.BunnyCart.StepDefinition.Scenario1.user_verify_an_error_message()
  And User closes the browser                                                      # com.BunnyCart.StepDefinition.Scenario1.user_closes_the_browser()
]]></system-out>
    <system-err><![CDATA[SLF4J: Failed to load class "org.slf4j.impl.StaticLoggerBinder".
SLF4J: Defaulting to no-operation (NOP) logger implementation
SLF4J: See http://www.slf4j.org/codes.html#StaticLoggerBinder for further details.
Mar 26, 2025 10:29:44 AM org.openqa.selenium.devtools.CdpVersionFinder findNearestMatch
WARNING: Unable to find an exact match for CDP version 134, returning the closest version; found: 133; Please update to a Selenium version that supports CDP version 134
]]></system-err>
  </testcase>
  <testcase name="runScenario[&quot;To check User registration with valid data&quot;, &quot;User Registration&quot;](2)" classname="com.BunnyCart.TestRunner.BunnyCartDemo1" time="13.106">
    <system-out><![CDATA[
Scenario Outline: To check User registration with valid data                       # src/test/resources/com/BunnyCart/Feature/1_CreateAccount.feature:32
  Given User opens the Browser                                                     # com.BunnyCart.StepDefinition.Scenario1.user_opens_the_browser()
  And User navigates to the "https://www.bunnycart.com/" webpage to open home page # com.BunnyCart.StepDefinition.Scenario1.user_navigates_to_the_webpage_to_open_home_page(java.lang.String)
  And User click on create account button                                          # com.BunnyCart.StepDefinition.Scenario1.user_click_on_create_account_button()
  And User enters 'Sathwika' the First name                                        # com.BunnyCart.StepDefinition.Scenario1.user_enters_the_first_name(java.lang.String)
  And User enters 'Pagadam' the Last name                                          # com.BunnyCart.StepDefinition.Scenario1.user_enters_the_last_name(java.lang.String)
  And User enters 'pagadamsathwika@gmail.com' the email                            # com.BunnyCart.StepDefinition.Scenario1.user_enters_the_email(java.lang.String)
  And User enter 'Sathwika@123' the password                                       # com.BunnyCart.StepDefinition.Scenario1.user_enter_the_password(java.lang.String)
  And User enter  'Sathwika@123' the confirm Password                              # com.BunnyCart.StepDefinition.Scenario1.user_enter_the_confirm_password(java.lang.String)
  And User enter '<WhastsUp Number>' the whatsup Number                            # com.BunnyCart.StepDefinition.Scenario1.user_enter_the_whatsup_number(java.lang.String)
  And User click on the create an Account button                                   # com.BunnyCart.StepDefinition.Scenario1.user_click_on_the_create_an_account_button()
Error message displayed
  Then User verify an error message                                                # com.BunnyCart.StepDefinition.Scenario1.user_verify_an_error_message()
  And User closes the browser                                                      # com.BunnyCart.StepDefinition.Scenario1.user_closes_the_browser()
]]></system-out>
    <system-err><![CDATA[Mar 26, 2025 10:30:00 AM org.openqa.selenium.devtools.CdpVersionFinder findNearestMatch
WARNING: Unable to find an exact match for CDP version 134, returning the closest version; found: 133; Please update to a Selenium version that supports CDP version 134
]]></system-err>
  </testcase>
  <testcase name="runScenario[&quot;To check Sign in and serch for product and Add to cart&quot;, &quot;Unknown&quot;](1)" classname="com.BunnyCart.TestRunner.BunnyCartDemo2" time="22.435">
    <system-out><![CDATA[
Scenario: To check Sign in and serch for product and Add to cart                   # src/test/resources/com/BunnyCart/Feature/2_SignIn_AddtoCart.feature:19
  Given User opens the Browser                                                     # com.BunnyCart.StepDefinition.Scenario1.user_opens_the_browser()
  And User navigates to the "https://www.bunnycart.com/" webpage to open home page # com.BunnyCart.StepDefinition.Scenario1.user_navigates_to_the_webpage_to_open_home_page(java.lang.String)
  And User clicks on sign in                                                       # com.BunnyCart.StepDefinition.Scenario2.user_clicks_on_sign_in()
  And User enter 'pagadamsathwika@gmail' the email                                 # com.BunnyCart.StepDefinition.Scenario2.user_enter_the_email(java.lang.String)
  And User enters 'Sathwika@123' the password                                      # com.BunnyCart.StepDefinition.Scenario2.user_enters_the_password(java.lang.String)
  And User clicks on sign in button                                                # com.BunnyCart.StepDefinition.Scenario2.user_clicks_on_sign_in_button()
  And User clicks on into mark                                                     # com.BunnyCart.StepDefinition.Scenario2.user_clicks_on_into_mark()
  When User Search for a product "Dwarf hairgrass" in search textbox               # com.BunnyCart.StepDefinition.Scenario2.user_search_for_a_product_in_search_textbox(java.lang.String)
  And User select product from the search results                                  # com.BunnyCart.StepDefinition.Scenario2.user_select_product_from_the_search_results()
  And User click type of the product                                               # com.BunnyCart.StepDefinition.Scenario2.user_click_type_of_the_product()
  And User click on Add to cart                                                    # com.BunnyCart.StepDefinition.Scenario2.user_click_on_add_to_cart()
Element added to cart successfully
  And User verify that the product is added to the cart message                    # com.BunnyCart.StepDefinition.Scenario2.user_verify_that_the_product_is_added_to_the_cart_message()
  And User closes the Browser                                                      # com.BunnyCart.StepDefinition.Scenario2.user_closes_the_browser()
]]></system-out>
    <system-err><![CDATA[Mar 26, 2025 10:30:13 AM org.openqa.selenium.devtools.CdpVersionFinder findNearestMatch
WARNING: Unable to find an exact match for CDP version 134, returning the closest version; found: 133; Please update to a Selenium version that supports CDP version 134
]]></system-err>
  </testcase>
  <testcase name="runScenario[&quot;To check Sign in with invalid data&quot;, &quot;Unknown&quot;](1)" classname="com.BunnyCart.TestRunner.BunnyCartDemo3" time="9.967">
    <system-out><![CDATA[
Scenario: To check Sign in with invalid data                                       # src/test/resources/com/BunnyCart/Feature/3_SignIn_Valid_Invalid.feature:2
  Given User opens the Browser                                                     # com.BunnyCart.StepDefinition.Scenario1.user_opens_the_browser()
  And User navigates to the "https://www.bunnycart.com/" webpage to open home page # com.BunnyCart.StepDefinition.Scenario1.user_navigates_to_the_webpage_to_open_home_page(java.lang.String)
  And User clicks on sign in                                                       # com.BunnyCart.StepDefinition.Scenario2.user_clicks_on_sign_in()
  And User enters invalid '<Email>' email                                          # com.BunnyCart.StepDefinition.Scenario3.user_enters_invalid_email(java.lang.String)
  And User enters invalid '<Password>' password                                    # com.BunnyCart.StepDefinition.Scenario3.user_enters_invalid_password(java.lang.String)
  And User click on sign in button                                                 # com.BunnyCart.StepDefinition.Scenario3.user_click_on_sign_in_button()
  And User close the Browser                                                       # com.BunnyCart.StepDefinition.Scenario3.user_close_the_browser()
]]></system-out>
    <system-err><![CDATA[Mar 26, 2025 10:30:36 AM org.openqa.selenium.devtools.CdpVersionFinder findNearestMatch
WARNING: Unable to find an exact match for CDP version 134, returning the closest version; found: 133; Please update to a Selenium version that supports CDP version 134
]]></system-err>
  </testcase>
  <testcase name="runScenario[&quot;To check sign in with valid  data&quot;, &quot;Unknown&quot;](2)" classname="com.BunnyCart.TestRunner.BunnyCartDemo3" time="9.093">
    <system-out><![CDATA[
Scenario Outline: To check sign in with valid  data                                # src/test/resources/com/BunnyCart/Feature/3_SignIn_Valid_Invalid.feature:22
  Given User opens the Browser                                                     # com.BunnyCart.StepDefinition.Scenario1.user_opens_the_browser()
  And User navigates to the "https://www.bunnycart.com/" webpage to open home page # com.BunnyCart.StepDefinition.Scenario1.user_navigates_to_the_webpage_to_open_home_page(java.lang.String)
  And User clicks on sign in                                                       # com.BunnyCart.StepDefinition.Scenario2.user_clicks_on_sign_in()
  And User enters valid 'pagadamsathwika@gmail.com' email                          # com.BunnyCart.StepDefinition.Scenario3.user_enters_valid_email(java.lang.String)
  And User enters valid 'Sathwika@123' password                                    # com.BunnyCart.StepDefinition.Scenario3.user_enters_valid_password(java.lang.String)
  And User click on sign in button                                                 # com.BunnyCart.StepDefinition.Scenario3.user_click_on_sign_in_button()
  And User close the Browser                                                       # com.BunnyCart.StepDefinition.Scenario3.user_close_the_browser()
]]></system-out>
    <system-err><![CDATA[Mar 26, 2025 10:30:45 AM org.openqa.selenium.devtools.CdpVersionFinder findNearestMatch
WARNING: Unable to find an exact match for CDP version 134, returning the closest version; found: 133; Please update to a Selenium version that supports CDP version 134
]]></system-err>
  </testcase>
  <testcase name="runScenario[&quot;Add Multiple Products to cart&quot;, &quot;Unknown&quot;](1)" classname="com.BunnyCart.TestRunner.BunnyCartDemo4" time="27.45">
    <system-out><![CDATA[
Scenario: Add Multiple Products to cart                                            # src/test/resources/com/BunnyCart/Feature/4_MultipleProducts_AddToCart.feature:20
  Given User opens the Browser                                                     # com.BunnyCart.StepDefinition.Scenario1.user_opens_the_browser()
  And User navigates to the "https://www.bunnycart.com/" webpage to open home page # com.BunnyCart.StepDefinition.Scenario1.user_navigates_to_the_webpage_to_open_home_page(java.lang.String)
  And User clicks on sign in                                                       # com.BunnyCart.StepDefinition.Scenario2.user_clicks_on_sign_in()
  And User enters valid 'pagadamsathwika@gmail.com' email                          # com.BunnyCart.StepDefinition.Scenario3.user_enters_valid_email(java.lang.String)
  And User enters valid 'Sathwika@123' password                                    # com.BunnyCart.StepDefinition.Scenario3.user_enters_valid_password(java.lang.String)
  And User click on sign in button                                                 # com.BunnyCart.StepDefinition.Scenario3.user_click_on_sign_in_button()
  When User Search for a product1 "Dwarf hairgrass" in search textbox              # com.BunnyCart.StepDefinition.Scenario4.user_search_for_a_product1_in_search_textbox(java.lang.String)
  And User select product1 from the search results                                 # com.BunnyCart.StepDefinition.Scenario4.user_select_product1_from_the_search_results()
  And User click type of the product1                                              # com.BunnyCart.StepDefinition.Scenario4.user_click_type_of_the_product1()
  And User click on Add to cart for product1                                       # com.BunnyCart.StepDefinition.Scenario4.user_click_on_add_to_cart_for_product1()
  When User Search for product2 "Money Plant" in search textbox                    # com.BunnyCart.StepDefinition.Scenario4.user_search_for_product2_in_search_textbox(java.lang.String)
Click Product Type2: org.openqa.selenium.ElementClickInterceptedException: element click intercepted: Element <div class="swatch-option text disabled" id="option-label-type-200-item-5466" index="0" aria-checked="false" aria-describedby="option-label-type-200" tabindex="0" data-option-type="0" data-option-id="5466" data-option-label="..." aria-label="Marble Prince" role="option" data-thumb-width="110" data-thumb-height="90" data-option-tooltip-value="Marble Prince" disabled="disabled">Marble Prince</div> is not clickable at point (704, 530). Other element would receive the click: <div aria-activedescendant="" tabindex="0" aria-invalid="false" aria-required="true" role="listbox" aria-labelledby="option-label-type-200" class="swatch-attribute-options clearfix">...</div>
  (Session info: chrome=134.0.6998.166)
Build info: version: '4.29.0', revision: '5fc1ec94cb'
System info: os.name: 'Windows 11', os.arch: 'amd64', os.version: '10.0', java.version: '17.0.7'
Driver info: org.openqa.selenium.chrome.ChromeDriver
Command: [593d3c385019b403163312143dea2b36, clickElement {id=f.5CFBD7E0776F7BA772D23095322E9CA5.d.FEA21AF05298479D406414ADC1846491.e.735}]
Capabilities {acceptInsecureCerts: false, browserName: chrome, browserVersion: 134.0.6998.166, chrome: {chromedriverVersion: 134.0.6998.165 (fd886e2cb29..., userDataDir: C:\Users\Sathwika\AppData\L...}, fedcm:accounts: true, goog:chromeOptions: {debuggerAddress: localhost:55569}, networkConnectionEnabled: false, pageLoadStrategy: normal, platformName: windows, proxy: Proxy(), se:cdp: ws://localhost:55569/devtoo..., se:cdpVersion: 134.0.6998.166, setWindowRect: true, strictFileInteractability: false, timeouts: {implicit: 0, pageLoad: 300000, script: 30000}, unhandledPromptBehavior: dismiss and notify, webauthn:extension:credBlob: true, webauthn:extension:largeBlob: true, webauthn:extension:minPinLength: true, webauthn:extension:prf: true, webauthn:virtualAuthenticators: true}
Element: [[ChromeDriver: chrome on windows (593d3c385019b403163312143dea2b36)] -> xpath: /html/body/div[2]/main/div[2]/div[1]/div[3]/div[6]/form/div[1]/div/div/div/div/div[1]]
Session ID: 593d3c385019b403163312143dea2b36
  And User click type of the product2                                              # com.BunnyCart.StepDefinition.Scenario4.user_click_type_of_the_product2()
  And User click on Add to cart for product2                                       # com.BunnyCart.StepDefinition.Scenario4.user_click_on_add_to_cart_for_product2()
  And User closes the Browser                                                      # com.BunnyCart.StepDefinition.Scenario2.user_closes_the_browser()
]]></system-out>
    <system-err><![CDATA[Mar 26, 2025 10:30:54 AM org.openqa.selenium.devtools.CdpVersionFinder findNearestMatch
WARNING: Unable to find an exact match for CDP version 134, returning the closest version; found: 133; Please update to a Selenium version that supports CDP version 134
]]></system-err>
  </testcase>
  <testcase name="runScenario[&quot;To check User click on sign out&quot;, &quot;Unknown&quot;](1)" classname="com.BunnyCart.TestRunner.BunnyCartDemo5" time="17.256">
    <system-out><![CDATA[
Scenario: To check User click on sign out                                          # src/test/resources/com/BunnyCart/Feature/5_SignOut.feature:14
  Given User opens the Browser                                                     # com.BunnyCart.StepDefinition.Scenario1.user_opens_the_browser()
  And User navigates to the "https://www.bunnycart.com/" webpage to open home page # com.BunnyCart.StepDefinition.Scenario1.user_navigates_to_the_webpage_to_open_home_page(java.lang.String)
  And User click on sign in                                                        # com.BunnyCart.StepDefinition.Scenario5.user_click_on_sign_in()
  And User enters valid 'pagadamsathwika@gmail.com' email                          # com.BunnyCart.StepDefinition.Scenario3.user_enters_valid_email(java.lang.String)
  And User enters valid 'Sathwika@123' password                                    # com.BunnyCart.StepDefinition.Scenario3.user_enters_valid_password(java.lang.String)
  And User click on sign in button                                                 # com.BunnyCart.StepDefinition.Scenario3.user_click_on_sign_in_button()
  And User click on sign out button                                                # com.BunnyCart.StepDefinition.Scenario5.user_click_on_sign_out_button()
  And User closes the browser                                                      # com.BunnyCart.StepDefinition.Scenario1.user_closes_the_browser()
]]></system-out>
    <system-err><![CDATA[Mar 26, 2025 10:31:22 AM org.openqa.selenium.devtools.CdpVersionFinder findNearestMatch
WARNING: Unable to find an exact match for CDP version 134, returning the closest version; found: 133; Please update to a Selenium version that supports CDP version 134
]]></system-err>
  </testcase>
</testsuite>