<?xml version="1.0" encoding="UTF-8"?>
<!-- Generated by org.testng.reporters.JUnitReportReporter -->
<testsuite hostname="LAPTOP-TEDJDRV8" failures="0" tests="2" name="com.BunnyCart.TestRunner.BunnyCartDemo3" time="0.062" errors="2" timestamp="2025-03-26T10:19:53 IST" skipped="0">
  <testcase classname="com.BunnyCart.TestRunner.BunnyCartDemo3" name="runScenario" time="0.028">
    <error message="com/BunnyCart/Browser/Browser" type="java.lang.NoClassDefFoundError">
      <![CDATA[java.lang.NoClassDefFoundError: com/BunnyCart/Browser/Browser
at com.BunnyCart.StepDefinition.Scenario1.user_opens_the_browser(Scenario1.java:14)
at ✽.User opens the Browser(file:///C:/Users/Sathwika/eclipse-workspace/BunnyCart/src/test/resources/com/BunnyCart/Feature/3_SignIn_Valid_Invalid.feature:3)
Caused by: java.lang.ClassNotFoundException: com.BunnyCart.Browser.Browser
... 2 more
]]>
    </error>
  </testcase> <!-- runScenario -->
  <testcase classname="com.BunnyCart.TestRunner.BunnyCartDemo3" name="runScenario" time="0.034">
    <error message="com/BunnyCart/Browser/Browser" type="java.lang.NoClassDefFoundError">
      <![CDATA[java.lang.NoClassDefFoundError: com/BunnyCart/Browser/Browser
at com.BunnyCart.StepDefinition.Scenario1.user_opens_the_browser(Scenario1.java:14)
at ✽.User opens the Browser(file:///C:/Users/Sathwika/eclipse-workspace/BunnyCart/src/test/resources/com/BunnyCart/Feature/3_SignIn_Valid_Invalid.feature:12)
Caused by: java.lang.ClassNotFoundException: com.BunnyCart.Browser.Browser
... 2 more
]]>
    </error>
  </testcase> <!-- runScenario -->
</testsuite> <!-- com.BunnyCart.TestRunner.BunnyCartDemo3 -->
