<?xml version="1.0" encoding="UTF-8"?>
<!-- Generated by org.testng.reporters.JUnitReportReporter -->
<testsuite hostname="LAPTOP-TEDJDRV8" failures="0" tests="2" name="com.BunnyCart.TestRunner.BunnyCartDemo1" time="35.939" errors="0" timestamp="2025-03-26T10:25:47 IST" skipped="0">
  <testcase classname="com.BunnyCart.TestRunner.BunnyCartDemo1" name="runScenario" time="22.811"/>
  <testcase classname="com.BunnyCart.TestRunner.BunnyCartDemo1" name="runScenario" time="13.128"/>
</testsuite> <!-- com.BunnyCart.TestRunner.BunnyCartDemo1 -->
